[2024-07-13T10:49:25.241+0000] {local_task_job_runner.py:120} INFO - ::group::Pre task execution logs
[2024-07-13T10:49:25.329+0000] {taskinstance.py:2076} INFO - Dependencies all met for dep_context=non-requeueable deps ti=<TaskInstance: deploy_flask_app.build_image scheduled__2023-03-27T00:00:00+00:00 [queued]>
[2024-07-13T10:49:25.348+0000] {taskinstance.py:2076} INFO - Dependencies all met for dep_context=requeueable deps ti=<TaskInstance: deploy_flask_app.build_image scheduled__2023-03-27T00:00:00+00:00 [queued]>
[2024-07-13T10:49:25.349+0000] {taskinstance.py:2306} INFO - Starting attempt 2 of 2
[2024-07-13T10:49:25.379+0000] {taskinstance.py:2330} INFO - Executing <Task(BashOperator): build_image> on 2023-03-27 00:00:00+00:00
[2024-07-13T10:49:25.405+0000] {warnings.py:112} WARNING - /home/***/.local/lib/python3.12/site-packages/***/task/task_runner/standard_task_runner.py:61: DeprecationWarning: This process (pid=256) is multi-threaded, use of fork() may lead to deadlocks in the child.
  pid = os.fork()

[2024-07-13T10:49:25.409+0000] {standard_task_runner.py:63} INFO - Started process 299 to run task
[2024-07-13T10:49:25.418+0000] {standard_task_runner.py:90} INFO - Running: ['***', 'tasks', 'run', 'deploy_flask_app', 'build_image', 'scheduled__2023-03-27T00:00:00+00:00', '--job-id', '68', '--raw', '--subdir', 'DAGS_FOLDER/deploy_flask_app.py', '--cfg-path', '/tmp/tmp4murcu5t']
[2024-07-13T10:49:25.424+0000] {standard_task_runner.py:91} INFO - Job 68: Subtask build_image
[2024-07-13T10:49:31.736+0000] {task_command.py:426} INFO - Running <TaskInstance: deploy_flask_app.build_image scheduled__2023-03-27T00:00:00+00:00 [running]> on host e9ee640206e7
[2024-07-13T10:49:32.250+0000] {taskinstance.py:2648} INFO - Exporting env vars: AIRFLOW_CTX_DAG_OWNER='***' AIRFLOW_CTX_DAG_ID='deploy_flask_app' AIRFLOW_CTX_TASK_ID='build_image' AIRFLOW_CTX_EXECUTION_DATE='2023-03-27T00:00:00+00:00' AIRFLOW_CTX_TRY_NUMBER='2' AIRFLOW_CTX_DAG_RUN_ID='scheduled__2023-03-27T00:00:00+00:00'
[2024-07-13T10:49:32.255+0000] {taskinstance.py:430} INFO - ::endgroup::
[2024-07-13T10:49:32.278+0000] {subprocess.py:63} INFO - Tmp dir root location: /tmp
[2024-07-13T10:49:32.281+0000] {subprocess.py:75} INFO - Running command: ['/usr/bin/bash', '-c', 'docker build -t my-flask-app .']
[2024-07-13T10:49:32.327+0000] {subprocess.py:86} INFO - Output:
[2024-07-13T10:49:33.050+0000] {subprocess.py:93} INFO - DEPRECATED: The legacy builder is deprecated and will be removed in a future release.
[2024-07-13T10:49:33.074+0000] {subprocess.py:93} INFO -             Install the buildx component to build images with BuildKit:
[2024-07-13T10:49:33.084+0000] {subprocess.py:93} INFO -             https://docs.docker.com/go/buildx/
[2024-07-13T10:49:33.084+0000] {subprocess.py:93} INFO - 
[2024-07-13T10:49:33.092+0000] {subprocess.py:93} INFO - unable to prepare context: unable to evaluate symlinks in Dockerfile path: lstat /tmp/***tmp9ibfwxer/Dockerfile: no such file or directory
[2024-07-13T10:49:33.093+0000] {subprocess.py:97} INFO - Command exited with return code 1
[2024-07-13T10:49:33.096+0000] {taskinstance.py:441} INFO - ::group::Post task execution logs
[2024-07-13T10:50:04.965+0000] {standard_task_runner.py:110} ERROR - Failed to execute job 68 for task build_image ((psycopg2.OperationalError) could not translate host name "postgres" to address: Temporary failure in name resolution

(Background on this error at: https://sqlalche.me/e/14/e3q8); 299)
[2024-07-13T10:50:10.806+0000] {local_task_job_runner.py:240} INFO - Task exited with return code 1
[2024-07-13T10:50:10.870+0000] {taskinstance.py:3503} INFO - 0 downstream tasks scheduled from follow-on schedule check
[2024-07-13T10:50:10.874+0000] {local_task_job_runner.py:222} INFO - ::endgroup::
